mode: atomic
github.com/autom8ter/dagger/v3/dagger.go:50.37,53.16 3 100
github.com/autom8ter/dagger/v3/dagger.go:53.16,54.13 1 0
github.com/autom8ter/dagger/v3/dagger.go:56.2,56.18 1 100
github.com/autom8ter/dagger/v3/dagger.go:56.18,58.3 1 0
github.com/autom8ter/dagger/v3/dagger.go:59.2,59.60 1 100
github.com/autom8ter/dagger/v3/dagger.go:78.36,80.2 1 1532
github.com/autom8ter/dagger/v3/dagger.go:83.53,85.2 1 0
github.com/autom8ter/dagger/v3/dagger.go:88.45,90.2 1 200
github.com/autom8ter/dagger/v3/dagger.go:93.43,95.2 1 1200
github.com/autom8ter/dagger/v3/dagger.go:98.46,100.2 1 200
github.com/autom8ter/dagger/v3/dagger.go:103.64,104.29 1 0
github.com/autom8ter/dagger/v3/dagger.go:104.29,106.3 1 0
github.com/autom8ter/dagger/v3/dagger.go:129.92,131.2 1 0
github.com/autom8ter/dagger/v3/dagger.go:134.92,136.2 1 0
github.com/autom8ter/dagger/v3/dagger.go:140.86,143.62 3 2
github.com/autom8ter/dagger/v3/dagger.go:143.62,144.64 1 1
github.com/autom8ter/dagger/v3/dagger.go:144.64,146.4 1 0
github.com/autom8ter/dagger/v3/dagger.go:147.3,147.18 1 1
github.com/autom8ter/dagger/v3/dagger.go:153.84,156.60 3 2
github.com/autom8ter/dagger/v3/dagger.go:156.60,157.64 1 1
github.com/autom8ter/dagger/v3/dagger.go:157.64,159.4 1 0
github.com/autom8ter/dagger/v3/dagger.go:160.3,160.18 1 1
github.com/autom8ter/dagger/v3/dagger.go:168.117,169.21 1 507
github.com/autom8ter/dagger/v3/dagger.go:169.21,171.3 1 0
github.com/autom8ter/dagger/v3/dagger.go:172.2,175.9 4 507
github.com/autom8ter/dagger/v3/dagger.go:175.9,177.3 1 0
github.com/autom8ter/dagger/v3/dagger.go:178.2,187.31 5 507
github.com/autom8ter/dagger/v3/dagger.go:187.31,189.17 2 1
github.com/autom8ter/dagger/v3/dagger.go:189.17,191.4 1 0
github.com/autom8ter/dagger/v3/dagger.go:192.3,193.41 2 1
github.com/autom8ter/dagger/v3/dagger.go:193.41,195.4 1 0
github.com/autom8ter/dagger/v3/dagger.go:196.3,196.41 1 1
github.com/autom8ter/dagger/v3/dagger.go:196.41,198.4 1 0
github.com/autom8ter/dagger/v3/dagger.go:199.3,199.49 1 1
github.com/autom8ter/dagger/v3/dagger.go:199.49,201.4 1 0
github.com/autom8ter/dagger/v3/dagger.go:202.3,202.43 1 1
github.com/autom8ter/dagger/v3/dagger.go:202.43,205.4 2 0
github.com/autom8ter/dagger/v3/dagger.go:206.3,206.47 1 1
github.com/autom8ter/dagger/v3/dagger.go:206.47,209.4 2 0
github.com/autom8ter/dagger/v3/dagger.go:210.3,210.14 1 1
github.com/autom8ter/dagger/v3/dagger.go:212.2,212.15 1 507
github.com/autom8ter/dagger/v3/dagger.go:216.50,220.2 3 1
github.com/autom8ter/dagger/v3/dagger.go:222.50,224.9 2 2
github.com/autom8ter/dagger/v3/dagger.go:224.9,226.3 1 0
github.com/autom8ter/dagger/v3/dagger.go:227.2,230.22 4 2
github.com/autom8ter/dagger/v3/dagger.go:230.22,232.3 1 0
github.com/autom8ter/dagger/v3/dagger.go:236.39,237.60 1 1
github.com/autom8ter/dagger/v3/dagger.go:237.60,240.3 2 0
github.com/autom8ter/dagger/v3/dagger.go:241.2,241.62 1 1
github.com/autom8ter/dagger/v3/dagger.go:241.62,244.3 2 1
github.com/autom8ter/dagger/v3/dagger.go:245.2,246.31 2 1
github.com/autom8ter/dagger/v3/dagger.go:246.31,248.3 1 0
github.com/autom8ter/dagger/v3/dagger.go:249.2,249.12 1 1
github.com/autom8ter/dagger/v3/dagger.go:253.40,255.2 1 0
github.com/autom8ter/dagger/v3/dagger.go:258.68,263.2 4 0
github.com/autom8ter/dagger/v3/dagger.go:265.90,266.60 1 0
github.com/autom8ter/dagger/v3/dagger.go:266.60,267.41 1 0
github.com/autom8ter/dagger/v3/dagger.go:267.41,269.4 1 0
github.com/autom8ter/dagger/v3/dagger.go:270.3,271.23 2 0
github.com/autom8ter/dagger/v3/dagger.go:271.23,273.4 1 0
github.com/autom8ter/dagger/v3/dagger.go:274.3,275.14 2 0
github.com/autom8ter/dagger/v3/dagger.go:280.70,285.2 4 0
github.com/autom8ter/dagger/v3/dagger.go:287.92,288.62 1 0
github.com/autom8ter/dagger/v3/dagger.go:288.62,289.39 1 0
github.com/autom8ter/dagger/v3/dagger.go:289.39,291.4 1 0
github.com/autom8ter/dagger/v3/dagger.go:292.3,293.21 2 0
github.com/autom8ter/dagger/v3/dagger.go:293.21,295.4 1 0
github.com/autom8ter/dagger/v3/dagger.go:296.3,297.14 2 0
github.com/autom8ter/dagger/v3/dagger.go:302.63,304.62 2 0
github.com/autom8ter/dagger/v3/dagger.go:304.62,305.24 1 0
github.com/autom8ter/dagger/v3/dagger.go:305.24,308.4 2 0
github.com/autom8ter/dagger/v3/dagger.go:309.3,309.14 1 0
github.com/autom8ter/dagger/v3/dagger.go:311.2,311.60 1 0
github.com/autom8ter/dagger/v3/dagger.go:311.60,312.26 1 0
github.com/autom8ter/dagger/v3/dagger.go:312.26,315.4 2 0
github.com/autom8ter/dagger/v3/dagger.go:316.3,316.14 1 0
github.com/autom8ter/dagger/v3/dagger.go:318.2,318.15 1 0
github.com/autom8ter/dagger/v3/dagger.go:339.33,340.29 1 1
github.com/autom8ter/dagger/v3/dagger.go:340.29,342.3 1 1
github.com/autom8ter/dagger/v3/dagger.go:346.54,349.27 3 13
github.com/autom8ter/dagger/v3/dagger.go:349.27,351.3 1 1
github.com/autom8ter/dagger/v3/dagger.go:352.2,358.23 2 13
github.com/autom8ter/dagger/v3/dagger.go:358.23,361.3 2 1
github.com/autom8ter/dagger/v3/dagger.go:362.2,362.15 1 13
github.com/autom8ter/dagger/v3/dagger.go:366.51,374.25 3 522
github.com/autom8ter/dagger/v3/dagger.go:374.25,376.17 2 2
github.com/autom8ter/dagger/v3/dagger.go:376.17,377.14 1 0
github.com/autom8ter/dagger/v3/dagger.go:379.3,380.48 2 2
github.com/autom8ter/dagger/v3/dagger.go:380.48,382.4 1 0
github.com/autom8ter/dagger/v3/dagger.go:383.3,383.48 1 2
github.com/autom8ter/dagger/v3/dagger.go:383.48,385.4 1 0
github.com/autom8ter/dagger/v3/dagger.go:387.3,387.14 1 2
github.com/autom8ter/dagger/v3/dagger.go:390.2,390.10 1 522
github.com/autom8ter/dagger/v3/dagger.go:394.42,397.2 2 0
github.com/autom8ter/dagger/v3/dagger.go:400.42,403.2 2 0
github.com/autom8ter/dagger/v3/dagger.go:406.59,409.2 2 1
github.com/autom8ter/dagger/v3/dagger.go:412.36,414.2 1 5
github.com/autom8ter/dagger/v3/dagger.go:417.45,419.57 2 0
github.com/autom8ter/dagger/v3/dagger.go:419.57,422.3 2 0
github.com/autom8ter/dagger/v3/dagger.go:423.2,423.14 1 0
github.com/autom8ter/dagger/v3/dagger.go:427.45,429.57 2 0
github.com/autom8ter/dagger/v3/dagger.go:429.57,432.3 2 0
github.com/autom8ter/dagger/v3/dagger.go:433.2,433.14 1 0
github.com/autom8ter/dagger/v3/dagger.go:437.59,440.2 2 3
github.com/autom8ter/dagger/v3/dagger.go:443.60,444.57 1 0
github.com/autom8ter/dagger/v3/dagger.go:444.57,446.3 1 0
github.com/autom8ter/dagger/v3/dagger.go:450.60,451.57 1 0
github.com/autom8ter/dagger/v3/dagger.go:451.57,453.3 1 0
github.com/autom8ter/dagger/v3/dagger.go:462.111,474.17 5 1
github.com/autom8ter/dagger/v3/dagger.go:474.17,476.3 1 0
github.com/autom8ter/dagger/v3/dagger.go:477.2,477.48 1 1
github.com/autom8ter/dagger/v3/dagger.go:477.48,478.38 1 101
github.com/autom8ter/dagger/v3/dagger.go:478.38,480.4 1 100
github.com/autom8ter/dagger/v3/dagger.go:481.3,481.14 1 1
github.com/autom8ter/dagger/v3/dagger.go:483.2,483.12 1 1
github.com/autom8ter/dagger/v3/dagger.go:489.107,494.23 5 1
github.com/autom8ter/dagger/v3/dagger.go:494.23,504.18 2 1
github.com/autom8ter/dagger/v3/dagger.go:504.18,506.4 1 0
github.com/autom8ter/dagger/v3/dagger.go:507.3,507.37 1 1
github.com/autom8ter/dagger/v3/dagger.go:507.37,509.4 1 0
github.com/autom8ter/dagger/v3/dagger.go:510.3,511.13 2 1
github.com/autom8ter/dagger/v3/dagger.go:513.2,513.23 1 1
github.com/autom8ter/dagger/v3/dagger.go:513.23,514.54 1 1
github.com/autom8ter/dagger/v3/dagger.go:514.54,515.39 1 101
github.com/autom8ter/dagger/v3/dagger.go:515.39,517.5 1 100
github.com/autom8ter/dagger/v3/dagger.go:518.4,518.15 1 1
github.com/autom8ter/dagger/v3/dagger.go:520.3,520.13 1 1
github.com/autom8ter/dagger/v3/dagger.go:522.2,522.36 1 1
github.com/autom8ter/dagger/v3/dagger.go:522.36,524.3 1 0
github.com/autom8ter/dagger/v3/dagger.go:525.2,525.12 1 1
github.com/autom8ter/dagger/v3/dagger.go:543.99,544.22 1 101
github.com/autom8ter/dagger/v3/dagger.go:544.22,546.3 1 0
github.com/autom8ter/dagger/v3/dagger.go:547.2,547.23 1 101
github.com/autom8ter/dagger/v3/dagger.go:547.23,549.3 1 0
github.com/autom8ter/dagger/v3/dagger.go:550.2,550.46 1 101
github.com/autom8ter/dagger/v3/dagger.go:550.46,556.20 3 101
github.com/autom8ter/dagger/v3/dagger.go:556.20,557.71 1 0
github.com/autom8ter/dagger/v3/dagger.go:557.71,567.5 2 0
github.com/autom8ter/dagger/v3/dagger.go:568.9,569.73 1 101
github.com/autom8ter/dagger/v3/dagger.go:569.73,579.5 2 100
github.com/autom8ter/dagger/v3/dagger.go:582.2,582.18 1 101
github.com/autom8ter/dagger/v3/dagger.go:595.95,596.22 1 101
github.com/autom8ter/dagger/v3/dagger.go:596.22,598.3 1 0
github.com/autom8ter/dagger/v3/dagger.go:599.2,599.23 1 101
github.com/autom8ter/dagger/v3/dagger.go:599.23,601.3 1 0
github.com/autom8ter/dagger/v3/dagger.go:602.2,602.46 1 101
github.com/autom8ter/dagger/v3/dagger.go:602.46,608.20 3 101
github.com/autom8ter/dagger/v3/dagger.go:608.20,609.30 1 0
github.com/autom8ter/dagger/v3/dagger.go:609.30,610.72 1 0
github.com/autom8ter/dagger/v3/dagger.go:610.72,621.6 2 0
github.com/autom8ter/dagger/v3/dagger.go:622.5,622.15 1 0
github.com/autom8ter/dagger/v3/dagger.go:624.9,625.30 1 101
github.com/autom8ter/dagger/v3/dagger.go:625.30,626.74 1 101
github.com/autom8ter/dagger/v3/dagger.go:626.74,637.6 2 100
github.com/autom8ter/dagger/v3/dagger.go:638.5,638.15 1 101
github.com/autom8ter/dagger/v3/dagger.go:642.2,642.18 1 101
github.com/autom8ter/dagger/v3/dagger.go:646.33,648.58 2 5
github.com/autom8ter/dagger/v3/dagger.go:648.58,649.31 1 505
github.com/autom8ter/dagger/v3/dagger.go:649.31,652.42 3 401
github.com/autom8ter/dagger/v3/dagger.go:652.42,655.5 2 0
github.com/autom8ter/dagger/v3/dagger.go:657.3,657.14 1 505
github.com/autom8ter/dagger/v3/dagger.go:659.2,659.18 1 5
github.com/autom8ter/dagger/v3/dagger.go:663.96,667.65 4 401
github.com/autom8ter/dagger/v3/dagger.go:667.65,668.39 1 500
github.com/autom8ter/dagger/v3/dagger.go:668.39,669.47 1 0
github.com/autom8ter/dagger/v3/dagger.go:669.47,672.5 2 0
github.com/autom8ter/dagger/v3/dagger.go:673.9,673.46 1 500
github.com/autom8ter/dagger/v3/dagger.go:673.46,676.4 2 0
github.com/autom8ter/dagger/v3/dagger.go:677.3,677.14 1 500
github.com/autom8ter/dagger/v3/dagger.go:679.2,679.15 1 401
github.com/autom8ter/dagger/v3/dagger.go:682.73,683.18 1 2
github.com/autom8ter/dagger/v3/dagger.go:683.18,685.3 1 0
github.com/autom8ter/dagger/v3/dagger.go:686.2,689.58 4 2
github.com/autom8ter/dagger/v3/dagger.go:689.58,692.3 2 202
github.com/autom8ter/dagger/v3/dagger.go:693.2,694.22 2 2
github.com/autom8ter/dagger/v3/dagger.go:694.22,697.3 2 202
github.com/autom8ter/dagger/v3/dagger.go:698.2,698.13 1 2
github.com/autom8ter/dagger/v3/dagger.go:698.13,699.56 1 1
github.com/autom8ter/dagger/v3/dagger.go:699.56,701.4 1 50
github.com/autom8ter/dagger/v3/dagger.go:703.2,703.20 1 2
github.com/autom8ter/dagger/v3/dagger.go:706.125,707.35 1 402
github.com/autom8ter/dagger/v3/dagger.go:707.35,709.3 1 200
github.com/autom8ter/dagger/v3/dagger.go:710.2,710.35 1 202
github.com/autom8ter/dagger/v3/dagger.go:710.35,711.21 1 0
github.com/autom8ter/dagger/v3/dagger.go:713.2,714.13 2 202
github.com/autom8ter/dagger/v3/dagger.go:714.13,715.64 1 202
github.com/autom8ter/dagger/v3/dagger.go:715.64,718.4 2 200
github.com/autom8ter/dagger/v3/dagger.go:719.8,720.66 1 0
github.com/autom8ter/dagger/v3/dagger.go:720.66,723.4 2 0
github.com/autom8ter/dagger/v3/dagger.go:725.2,727.18 3 202
github.com/autom8ter/dagger/v3/dagger.go:731.50,732.18 1 1
github.com/autom8ter/dagger/v3/dagger.go:732.18,734.3 1 0
github.com/autom8ter/dagger/v3/dagger.go:735.2,738.16 4 1
github.com/autom8ter/dagger/v3/dagger.go:738.16,740.3 1 0
github.com/autom8ter/dagger/v3/dagger.go:741.2,741.17 1 1
github.com/autom8ter/dagger/v3/dagger.go:745.55,749.2 1 1071
github.com/autom8ter/dagger/v3/dagger.go:757.35,759.49 2 717
github.com/autom8ter/dagger/v3/dagger.go:759.49,762.3 2 21805
github.com/autom8ter/dagger/v3/dagger.go:763.2,763.14 1 717
github.com/autom8ter/dagger/v3/dagger.go:767.46,769.9 2 513
github.com/autom8ter/dagger/v3/dagger.go:769.9,771.3 1 3
github.com/autom8ter/dagger/v3/dagger.go:772.2,772.18 1 510
github.com/autom8ter/dagger/v3/dagger.go:776.45,778.2 1 2143
github.com/autom8ter/dagger/v3/dagger.go:781.39,783.2 1 107
github.com/autom8ter/dagger/v3/dagger.go:786.44,789.2 2 0
github.com/autom8ter/dagger/v3/dagger.go:792.33,793.49 1 0
github.com/autom8ter/dagger/v3/dagger.go:793.49,796.3 2 0
github.com/autom8ter/dagger/v3/dagger.go:800.36,802.49 2 0
github.com/autom8ter/dagger/v3/dagger.go:802.49,805.3 2 0
github.com/autom8ter/dagger/v3/dagger.go:806.2,806.13 1 0
github.com/autom8ter/dagger/v3/dagger.go:810.38,812.49 2 0
github.com/autom8ter/dagger/v3/dagger.go:812.49,815.3 2 0
github.com/autom8ter/dagger/v3/dagger.go:816.2,816.15 1 0
github.com/autom8ter/dagger/v3/dagger.go:820.60,821.49 1 918
github.com/autom8ter/dagger/v3/dagger.go:821.49,823.3 1 11610
github.com/autom8ter/dagger/v3/dagger.go:827.76,829.49 2 0
github.com/autom8ter/dagger/v3/dagger.go:829.49,830.28 1 0
github.com/autom8ter/dagger/v3/dagger.go:830.28,832.4 1 0
github.com/autom8ter/dagger/v3/dagger.go:833.3,833.14 1 0
github.com/autom8ter/dagger/v3/dagger.go:835.2,835.17 1 0
github.com/autom8ter/dagger/v3/dagger.go:839.39,841.49 2 0
github.com/autom8ter/dagger/v3/dagger.go:841.49,844.3 2 0
github.com/autom8ter/dagger/v3/dagger.go:845.2,845.15 1 0
github.com/autom8ter/dagger/v3/dagger.go:861.50,866.2 1 1
github.com/autom8ter/dagger/v3/dagger.go:868.70,871.31 3 0
github.com/autom8ter/dagger/v3/dagger.go:871.31,872.43 1 0
github.com/autom8ter/dagger/v3/dagger.go:872.43,874.44 2 0
github.com/autom8ter/dagger/v3/dagger.go:874.44,876.5 1 0
github.com/autom8ter/dagger/v3/dagger.go:877.4,877.10 1 0
github.com/autom8ter/dagger/v3/dagger.go:883.38,887.2 3 2
github.com/autom8ter/dagger/v3/dagger.go:890.57,894.42 4 100
github.com/autom8ter/dagger/v3/dagger.go:894.42,896.3 1 5673
github.com/autom8ter/dagger/v3/dagger.go:900.44,903.23 3 100
github.com/autom8ter/dagger/v3/dagger.go:903.23,905.3 1 0
github.com/autom8ter/dagger/v3/dagger.go:906.2,908.25 3 100
github.com/autom8ter/dagger/v3/dagger.go:912.45,915.23 3 1
github.com/autom8ter/dagger/v3/dagger.go:915.23,917.3 1 0
github.com/autom8ter/dagger/v3/dagger.go:918.2,918.31 1 1
github.com/autom8ter/dagger/v3/dagger.go:929.59,932.2 2 2
github.com/autom8ter/dagger/v3/dagger.go:935.58,936.6 1 0
github.com/autom8ter/dagger/v3/dagger.go:936.6,937.10 1 0
github.com/autom8ter/dagger/v3/dagger.go:938.24,939.11 1 0
github.com/autom8ter/dagger/v3/dagger.go:939.11,941.5 1 0
github.com/autom8ter/dagger/v3/dagger.go:942.4,942.14 1 0
github.com/autom8ter/dagger/v3/dagger.go:942.14,944.5 1 0
github.com/autom8ter/dagger/v3/dagger.go:945.11,946.22 1 0
github.com/autom8ter/dagger/v3/dagger.go:946.22,948.5 1 0
github.com/autom8ter/dagger/v3/dagger.go:955.83,956.6 1 1
github.com/autom8ter/dagger/v3/dagger.go:956.6,957.10 1 102
github.com/autom8ter/dagger/v3/dagger.go:958.15,959.10 1 1
github.com/autom8ter/dagger/v3/dagger.go:960.24,961.11 1 101
github.com/autom8ter/dagger/v3/dagger.go:961.11,963.5 1 0
github.com/autom8ter/dagger/v3/dagger.go:964.4,964.14 1 101
github.com/autom8ter/dagger/v3/dagger.go:964.14,966.5 1 0
github.com/autom8ter/dagger/v3/dagger.go:972.35,973.24 1 0
github.com/autom8ter/dagger/v3/dagger.go:973.24,975.3 1 0
github.com/autom8ter/dagger/v3/dagger.go:979.39,981.2 1 201
github.com/autom8ter/dagger/v3/dagger.go:984.43,985.9 1 100
github.com/autom8ter/dagger/v3/dagger.go:986.23,987.15 1 100
github.com/autom8ter/dagger/v3/dagger.go:992.37,994.2 1 2
github.com/autom8ter/dagger/v3/dagger.go:1003.34,1006.2 2 1
github.com/autom8ter/dagger/v3/dagger.go:1009.30,1013.2 3 100
github.com/autom8ter/dagger/v3/dagger.go:1016.36,1019.24 3 100
github.com/autom8ter/dagger/v3/dagger.go:1019.24,1021.3 1 0
github.com/autom8ter/dagger/v3/dagger.go:1021.8,1026.3 4 100
github.com/autom8ter/dagger/v3/dagger.go:1030.30,1034.2 3 2
github.com/autom8ter/dagger/v3/dagger.go:1037.37,1040.24 3 0
github.com/autom8ter/dagger/v3/dagger.go:1040.24,1042.3 1 0
github.com/autom8ter/dagger/v3/dagger.go:1043.2,1043.40 1 0
github.com/autom8ter/dagger/v3/dagger.go:1047.51,1048.6 1 0
github.com/autom8ter/dagger/v3/dagger.go:1048.6,1050.10 2 0
github.com/autom8ter/dagger/v3/dagger.go:1050.10,1052.4 1 0
github.com/autom8ter/dagger/v3/dagger.go:1053.3,1053.15 1 0
github.com/autom8ter/dagger/v3/dagger.go:1053.15,1055.4 1 0
github.com/autom8ter/dagger/v3/dagger.go:1061.76,1062.6 1 0
github.com/autom8ter/dagger/v3/dagger.go:1062.6,1063.10 1 0
github.com/autom8ter/dagger/v3/dagger.go:1064.15,1065.10 1 0
github.com/autom8ter/dagger/v3/dagger.go:1066.11,1068.11 2 0
github.com/autom8ter/dagger/v3/dagger.go:1068.11,1070.5 1 0
github.com/autom8ter/dagger/v3/dagger.go:1071.4,1071.16 1 0
github.com/autom8ter/dagger/v3/dagger.go:1071.16,1073.5 1 0
github.com/autom8ter/dagger/v3/dagger.go:1079.34,1082.2 2 4
github.com/autom8ter/dagger/v3/dagger.go:1092.76,1093.6 1 0
github.com/autom8ter/dagger/v3/dagger.go:1093.6,1094.10 1 0
github.com/autom8ter/dagger/v3/dagger.go:1095.15,1096.10 1 0
github.com/autom8ter/dagger/v3/dagger.go:1097.11,1099.11 2 0
github.com/autom8ter/dagger/v3/dagger.go:1099.11,1101.5 1 0
github.com/autom8ter/dagger/v3/dagger.go:1102.4,1102.16 1 0
github.com/autom8ter/dagger/v3/dagger.go:1102.16,1104.5 1 0
github.com/autom8ter/dagger/v3/dagger.go:1110.30,1114.2 3 403
github.com/autom8ter/dagger/v3/dagger.go:1117.36,1120.24 3 404
github.com/autom8ter/dagger/v3/dagger.go:1120.24,1122.3 1 1
github.com/autom8ter/dagger/v3/dagger.go:1122.8,1127.3 4 403
github.com/autom8ter/dagger/v3/dagger.go:1131.28,1135.2 3 0
github.com/autom8ter/dagger/v3/dagger.go:1138.51,1139.6 1 1
github.com/autom8ter/dagger/v3/dagger.go:1139.6,1141.10 2 102
github.com/autom8ter/dagger/v3/dagger.go:1141.10,1143.4 1 1
github.com/autom8ter/dagger/v3/dagger.go:1144.3,1144.13 1 101
github.com/autom8ter/dagger/v3/dagger.go:1144.13,1146.4 1 0
github.com/autom8ter/dagger/v3/dagger.go:1151.33,1155.2 3 0
github.com/autom8ter/dagger/v3/dagger.go:1158.59,1160.41 2 0
github.com/autom8ter/dagger/v3/dagger.go:1160.41,1162.3 1 0
github.com/autom8ter/dagger/v3/dagger.go:1163.2,1163.15 1 0
github.com/autom8ter/dagger/v3/dagger.go:1167.30,1171.2 3 206
github.com/autom8ter/dagger/v3/dagger.go:1174.37,1177.24 3 0
github.com/autom8ter/dagger/v3/dagger.go:1177.24,1179.3 1 0
github.com/autom8ter/dagger/v3/dagger.go:1179.8,1183.3 3 0
github.com/autom8ter/dagger/v3/dagger.go:1193.37,1196.2 2 809
github.com/autom8ter/dagger/v3/dagger.go:1199.29,1203.2 3 1508
github.com/autom8ter/dagger/v3/dagger.go:1206.32,1210.2 3 302
github.com/autom8ter/dagger/v3/dagger.go:1213.39,1218.2 4 1906
github.com/autom8ter/dagger/v3/dagger.go:1221.49,1224.26 3 0
github.com/autom8ter/dagger/v3/dagger.go:1224.26,1225.13 1 0
github.com/autom8ter/dagger/v3/dagger.go:1225.13,1227.4 1 0
github.com/autom8ter/dagger/v3/dagger.go:1232.28,1236.2 3 203
github.com/autom8ter/dagger/v3/dagger.go:1239.31,1243.29 4 0
github.com/autom8ter/dagger/v3/dagger.go:1243.29,1245.3 1 0
github.com/autom8ter/dagger/v3/dagger.go:1246.2,1246.15 1 0
github.com/autom8ter/dagger/v3/dagger.go:1250.57,1252.41 2 0
github.com/autom8ter/dagger/v3/dagger.go:1252.41,1254.3 1 0
github.com/autom8ter/dagger/v3/dagger.go:1255.2,1255.15 1 0
github.com/autom8ter/dagger/v3/dagger.go:1273.67,1279.2 1 1
github.com/autom8ter/dagger/v3/dagger.go:1282.60,1284.12 2 100
github.com/autom8ter/dagger/v3/dagger.go:1284.12,1288.74 4 100
github.com/autom8ter/dagger/v3/dagger.go:1288.74,1291.11 3 10000
github.com/autom8ter/dagger/v3/dagger.go:1292.22,1293.17 1 0
github.com/autom8ter/dagger/v3/dagger.go:1294.28,1295.16 1 0
github.com/autom8ter/dagger/v3/dagger.go:1296.25,1297.16 1 10000
github.com/autom8ter/dagger/v3/dagger.go:1301.2,1301.8 1 100
github.com/autom8ter/dagger/v3/dagger.go:1306.65,1315.12 6 100
github.com/autom8ter/dagger/v3/dagger.go:1315.12,1324.3 8 100
github.com/autom8ter/dagger/v3/dagger.go:1325.2,1325.11 1 100
github.com/autom8ter/dagger/v3/dagger.go:1329.37,1331.2 1 2
github.com/autom8ter/dagger/v3/dagger.go:1334.35,1337.2 2 1
github.com/autom8ter/dagger/v3/dagger.go:1348.57,1354.12 3 1
github.com/autom8ter/dagger/v3/dagger.go:1354.12,1355.10 1 1
github.com/autom8ter/dagger/v3/dagger.go:1356.19,1358.37 2 1
github.com/autom8ter/dagger/v3/dagger.go:1358.37,1360.5 1 300
github.com/autom8ter/dagger/v3/dagger.go:1361.4,1361.17 1 1
github.com/autom8ter/dagger/v3/dagger.go:1364.2,1364.10 1 1
github.com/autom8ter/dagger/v3/dagger.go:1369.73,1375.2 5 300
github.com/autom8ter/dagger/v3/dagger.go:1378.33,1381.35 3 1
github.com/autom8ter/dagger/v3/dagger.go:1381.35,1383.3 1 300
github.com/autom8ter/dagger/v3/dagger.go:1384.2,1384.12 1 1
github.com/autom8ter/dagger/v3/dagger.go:1397.47,1407.2 5 1
github.com/autom8ter/dagger/v3/dagger.go:1410.35,1412.2 1 4
github.com/autom8ter/dagger/v3/dagger.go:1415.46,1416.9 1 0
github.com/autom8ter/dagger/v3/dagger.go:1417.27,1418.10 1 0
github.com/autom8ter/dagger/v3/dagger.go:1418.10,1420.4 1 0
github.com/autom8ter/dagger/v3/dagger.go:1421.3,1421.21 1 0
github.com/autom8ter/dagger/v3/dagger.go:1422.10,1423.20 1 0
github.com/autom8ter/dagger/v3/dagger.go:1428.70,1431.9 3 1
github.com/autom8ter/dagger/v3/dagger.go:1432.27,1433.10 1 0
github.com/autom8ter/dagger/v3/dagger.go:1433.10,1435.4 1 0
github.com/autom8ter/dagger/v3/dagger.go:1436.3,1436.20 1 0
github.com/autom8ter/dagger/v3/dagger.go:1437.20,1438.24 1 1
github.com/autom8ter/dagger/v3/dagger.go:1445.44,1448.23 3 4
github.com/autom8ter/dagger/v3/dagger.go:1448.23,1450.3 1 0
github.com/autom8ter/dagger/v3/dagger.go:1451.2,1451.19 1 4
github.com/autom8ter/dagger/v3/dagger.go:1451.19,1453.3 1 1
github.com/autom8ter/dagger/v3/dagger.go:1454.2,1456.12 3 3
github.com/autom8ter/dagger/v3/dagger.go:1460.33,1462.2 1 1
github.com/autom8ter/dagger/v3/dagger.go:1465.45,1469.2 3 1
github.com/autom8ter/dagger/v3/dagger.go:1472.43,1474.9 2 0
github.com/autom8ter/dagger/v3/dagger.go:1474.9,1476.3 1 0
github.com/autom8ter/dagger/v3/dagger.go:1477.2,1478.25 2 0
github.com/autom8ter/dagger/v3/dagger.go:1483.37,1485.19 2 1
github.com/autom8ter/dagger/v3/dagger.go:1485.19,1488.20 3 1
github.com/autom8ter/dagger/v3/dagger.go:1488.20,1491.4 2 0
github.com/autom8ter/dagger/v3/dagger.go:1492.3,1492.17 1 1
github.com/autom8ter/dagger/v3/dagger.go:1492.17,1496.4 3 1
github.com/autom8ter/dagger/v3/dagger.go:1498.2,1498.12 1 1
github.com/autom8ter/dagger/v3/dagger.go:1503.46,1504.37 1 0
github.com/autom8ter/dagger/v3/dagger.go:1504.37,1507.3 2 0
