mode: atomic
github.com/autom8ter/dagger/v3/dagger.go:47.37,50.16 3 120
github.com/autom8ter/dagger/v3/dagger.go:50.16,51.13 1 0
github.com/autom8ter/dagger/v3/dagger.go:53.2,53.18 1 120
github.com/autom8ter/dagger/v3/dagger.go:53.18,55.3 1 0
github.com/autom8ter/dagger/v3/dagger.go:56.2,56.60 1 120
github.com/autom8ter/dagger/v3/dagger.go:75.36,77.2 1 1532
github.com/autom8ter/dagger/v3/dagger.go:80.53,82.2 1 0
github.com/autom8ter/dagger/v3/dagger.go:85.45,87.2 1 200
github.com/autom8ter/dagger/v3/dagger.go:90.43,92.2 1 1200
github.com/autom8ter/dagger/v3/dagger.go:95.46,97.2 1 200
github.com/autom8ter/dagger/v3/dagger.go:100.64,101.29 1 0
github.com/autom8ter/dagger/v3/dagger.go:101.29,103.3 1 0
github.com/autom8ter/dagger/v3/dagger.go:118.36,120.2 1 406
github.com/autom8ter/dagger/v3/dagger.go:123.53,125.2 1 0
github.com/autom8ter/dagger/v3/dagger.go:128.34,130.2 1 0
github.com/autom8ter/dagger/v3/dagger.go:133.64,134.29 1 0
github.com/autom8ter/dagger/v3/dagger.go:134.29,136.3 1 0
github.com/autom8ter/dagger/v3/dagger.go:140.42,142.2 1 0
github.com/autom8ter/dagger/v3/dagger.go:145.92,147.2 1 0
github.com/autom8ter/dagger/v3/dagger.go:150.92,152.2 1 0
github.com/autom8ter/dagger/v3/dagger.go:156.86,159.62 3 2
github.com/autom8ter/dagger/v3/dagger.go:159.62,160.64 1 1
github.com/autom8ter/dagger/v3/dagger.go:160.64,162.4 1 0
github.com/autom8ter/dagger/v3/dagger.go:163.3,163.18 1 1
github.com/autom8ter/dagger/v3/dagger.go:169.84,172.60 3 2
github.com/autom8ter/dagger/v3/dagger.go:172.60,173.64 1 1
github.com/autom8ter/dagger/v3/dagger.go:173.64,175.4 1 0
github.com/autom8ter/dagger/v3/dagger.go:176.3,176.18 1 1
github.com/autom8ter/dagger/v3/dagger.go:184.126,185.21 1 507
github.com/autom8ter/dagger/v3/dagger.go:185.21,187.3 1 0
github.com/autom8ter/dagger/v3/dagger.go:188.2,199.31 7 507
github.com/autom8ter/dagger/v3/dagger.go:199.31,201.17 2 1
github.com/autom8ter/dagger/v3/dagger.go:201.17,203.4 1 0
github.com/autom8ter/dagger/v3/dagger.go:204.3,205.41 2 1
github.com/autom8ter/dagger/v3/dagger.go:205.41,207.4 1 0
github.com/autom8ter/dagger/v3/dagger.go:208.3,208.41 1 1
github.com/autom8ter/dagger/v3/dagger.go:208.41,210.4 1 0
github.com/autom8ter/dagger/v3/dagger.go:211.3,211.49 1 1
github.com/autom8ter/dagger/v3/dagger.go:211.49,213.4 1 0
github.com/autom8ter/dagger/v3/dagger.go:214.3,214.43 1 1
github.com/autom8ter/dagger/v3/dagger.go:214.43,217.4 2 0
github.com/autom8ter/dagger/v3/dagger.go:218.3,218.47 1 1
github.com/autom8ter/dagger/v3/dagger.go:218.47,221.4 2 0
github.com/autom8ter/dagger/v3/dagger.go:222.3,222.14 1 1
github.com/autom8ter/dagger/v3/dagger.go:224.2,224.15 1 507
github.com/autom8ter/dagger/v3/dagger.go:228.50,232.2 3 1
github.com/autom8ter/dagger/v3/dagger.go:234.50,236.9 2 2
github.com/autom8ter/dagger/v3/dagger.go:236.9,238.3 1 0
github.com/autom8ter/dagger/v3/dagger.go:239.2,242.22 4 2
github.com/autom8ter/dagger/v3/dagger.go:242.22,244.3 1 0
github.com/autom8ter/dagger/v3/dagger.go:248.39,249.60 1 1
github.com/autom8ter/dagger/v3/dagger.go:249.60,252.3 2 0
github.com/autom8ter/dagger/v3/dagger.go:253.2,253.62 1 1
github.com/autom8ter/dagger/v3/dagger.go:253.62,256.3 2 1
github.com/autom8ter/dagger/v3/dagger.go:257.2,258.31 2 1
github.com/autom8ter/dagger/v3/dagger.go:258.31,260.3 1 0
github.com/autom8ter/dagger/v3/dagger.go:261.2,261.12 1 1
github.com/autom8ter/dagger/v3/dagger.go:265.40,267.2 1 0
github.com/autom8ter/dagger/v3/dagger.go:270.68,275.2 4 0
github.com/autom8ter/dagger/v3/dagger.go:277.93,278.60 1 0
github.com/autom8ter/dagger/v3/dagger.go:278.60,279.30 1 0
github.com/autom8ter/dagger/v3/dagger.go:279.30,281.4 1 0
github.com/autom8ter/dagger/v3/dagger.go:282.3,283.23 2 0
github.com/autom8ter/dagger/v3/dagger.go:283.23,285.4 1 0
github.com/autom8ter/dagger/v3/dagger.go:286.3,287.14 2 0
github.com/autom8ter/dagger/v3/dagger.go:292.70,297.2 4 0
github.com/autom8ter/dagger/v3/dagger.go:299.95,300.62 1 0
github.com/autom8ter/dagger/v3/dagger.go:300.62,301.28 1 0
github.com/autom8ter/dagger/v3/dagger.go:301.28,303.4 1 0
github.com/autom8ter/dagger/v3/dagger.go:304.3,305.21 2 0
github.com/autom8ter/dagger/v3/dagger.go:305.21,307.4 1 0
github.com/autom8ter/dagger/v3/dagger.go:308.3,309.14 2 0
github.com/autom8ter/dagger/v3/dagger.go:314.40,316.2 1 0
github.com/autom8ter/dagger/v3/dagger.go:319.63,321.62 2 0
github.com/autom8ter/dagger/v3/dagger.go:321.62,322.24 1 0
github.com/autom8ter/dagger/v3/dagger.go:322.24,325.4 2 0
github.com/autom8ter/dagger/v3/dagger.go:326.3,326.14 1 0
github.com/autom8ter/dagger/v3/dagger.go:328.2,328.60 1 0
github.com/autom8ter/dagger/v3/dagger.go:328.60,329.26 1 0
github.com/autom8ter/dagger/v3/dagger.go:329.26,332.4 2 0
github.com/autom8ter/dagger/v3/dagger.go:333.3,333.14 1 0
github.com/autom8ter/dagger/v3/dagger.go:335.2,335.15 1 0
github.com/autom8ter/dagger/v3/dagger.go:356.33,357.29 1 1
github.com/autom8ter/dagger/v3/dagger.go:357.29,359.3 1 1
github.com/autom8ter/dagger/v3/dagger.go:363.53,366.27 3 13
github.com/autom8ter/dagger/v3/dagger.go:366.27,368.3 1 1
github.com/autom8ter/dagger/v3/dagger.go:369.2,375.23 2 13
github.com/autom8ter/dagger/v3/dagger.go:375.23,378.3 2 1
github.com/autom8ter/dagger/v3/dagger.go:379.2,379.15 1 13
github.com/autom8ter/dagger/v3/dagger.go:383.87,384.21 1 520
github.com/autom8ter/dagger/v3/dagger.go:384.21,386.3 1 0
github.com/autom8ter/dagger/v3/dagger.go:387.2,396.25 3 520
github.com/autom8ter/dagger/v3/dagger.go:396.25,398.17 2 2
github.com/autom8ter/dagger/v3/dagger.go:398.17,399.14 1 0
github.com/autom8ter/dagger/v3/dagger.go:401.3,402.41 2 2
github.com/autom8ter/dagger/v3/dagger.go:402.41,404.4 1 0
github.com/autom8ter/dagger/v3/dagger.go:405.3,405.41 1 2
github.com/autom8ter/dagger/v3/dagger.go:405.41,407.4 1 0
github.com/autom8ter/dagger/v3/dagger.go:409.3,409.14 1 2
github.com/autom8ter/dagger/v3/dagger.go:412.2,412.10 1 520
github.com/autom8ter/dagger/v3/dagger.go:416.42,419.2 2 0
github.com/autom8ter/dagger/v3/dagger.go:422.42,425.2 2 0
github.com/autom8ter/dagger/v3/dagger.go:428.59,431.2 2 1
github.com/autom8ter/dagger/v3/dagger.go:434.36,436.2 1 5
github.com/autom8ter/dagger/v3/dagger.go:439.45,441.57 2 0
github.com/autom8ter/dagger/v3/dagger.go:441.57,444.3 2 0
github.com/autom8ter/dagger/v3/dagger.go:445.2,445.14 1 0
github.com/autom8ter/dagger/v3/dagger.go:449.45,451.57 2 0
github.com/autom8ter/dagger/v3/dagger.go:451.57,454.3 2 0
github.com/autom8ter/dagger/v3/dagger.go:455.2,455.14 1 0
github.com/autom8ter/dagger/v3/dagger.go:459.59,462.2 2 3
github.com/autom8ter/dagger/v3/dagger.go:465.60,466.57 1 0
github.com/autom8ter/dagger/v3/dagger.go:466.57,468.3 1 0
github.com/autom8ter/dagger/v3/dagger.go:472.60,473.57 1 0
github.com/autom8ter/dagger/v3/dagger.go:473.57,475.3 1 0
github.com/autom8ter/dagger/v3/dagger.go:484.111,496.17 5 1
github.com/autom8ter/dagger/v3/dagger.go:496.17,498.3 1 0
github.com/autom8ter/dagger/v3/dagger.go:499.2,499.48 1 1
github.com/autom8ter/dagger/v3/dagger.go:499.48,500.34 1 101
github.com/autom8ter/dagger/v3/dagger.go:500.34,502.4 1 100
github.com/autom8ter/dagger/v3/dagger.go:503.3,503.14 1 1
github.com/autom8ter/dagger/v3/dagger.go:505.2,505.12 1 1
github.com/autom8ter/dagger/v3/dagger.go:511.107,516.23 5 1
github.com/autom8ter/dagger/v3/dagger.go:516.23,526.18 2 1
github.com/autom8ter/dagger/v3/dagger.go:526.18,528.4 1 0
github.com/autom8ter/dagger/v3/dagger.go:529.3,529.37 1 1
github.com/autom8ter/dagger/v3/dagger.go:529.37,531.4 1 0
github.com/autom8ter/dagger/v3/dagger.go:532.3,533.13 2 1
github.com/autom8ter/dagger/v3/dagger.go:535.2,535.23 1 1
github.com/autom8ter/dagger/v3/dagger.go:535.23,536.54 1 1
github.com/autom8ter/dagger/v3/dagger.go:536.54,537.35 1 101
github.com/autom8ter/dagger/v3/dagger.go:537.35,539.5 1 100
github.com/autom8ter/dagger/v3/dagger.go:540.4,540.15 1 1
github.com/autom8ter/dagger/v3/dagger.go:542.3,542.13 1 1
github.com/autom8ter/dagger/v3/dagger.go:544.2,544.36 1 1
github.com/autom8ter/dagger/v3/dagger.go:544.36,546.3 1 0
github.com/autom8ter/dagger/v3/dagger.go:547.2,547.12 1 1
github.com/autom8ter/dagger/v3/dagger.go:565.99,566.22 1 101
github.com/autom8ter/dagger/v3/dagger.go:566.22,568.3 1 0
github.com/autom8ter/dagger/v3/dagger.go:569.2,569.23 1 101
github.com/autom8ter/dagger/v3/dagger.go:569.23,571.3 1 0
github.com/autom8ter/dagger/v3/dagger.go:572.2,572.44 1 101
github.com/autom8ter/dagger/v3/dagger.go:572.44,578.20 3 101
github.com/autom8ter/dagger/v3/dagger.go:578.20,579.71 1 0
github.com/autom8ter/dagger/v3/dagger.go:579.71,589.5 2 0
github.com/autom8ter/dagger/v3/dagger.go:590.9,591.73 1 101
github.com/autom8ter/dagger/v3/dagger.go:591.73,601.5 2 100
github.com/autom8ter/dagger/v3/dagger.go:604.2,604.18 1 101
github.com/autom8ter/dagger/v3/dagger.go:617.95,618.22 1 101
github.com/autom8ter/dagger/v3/dagger.go:618.22,620.3 1 0
github.com/autom8ter/dagger/v3/dagger.go:621.2,621.23 1 101
github.com/autom8ter/dagger/v3/dagger.go:621.23,623.3 1 0
github.com/autom8ter/dagger/v3/dagger.go:624.2,624.44 1 101
github.com/autom8ter/dagger/v3/dagger.go:624.44,630.20 3 101
github.com/autom8ter/dagger/v3/dagger.go:630.20,631.30 1 0
github.com/autom8ter/dagger/v3/dagger.go:631.30,632.72 1 0
github.com/autom8ter/dagger/v3/dagger.go:632.72,643.6 2 0
github.com/autom8ter/dagger/v3/dagger.go:644.5,644.15 1 0
github.com/autom8ter/dagger/v3/dagger.go:646.9,647.30 1 101
github.com/autom8ter/dagger/v3/dagger.go:647.30,648.74 1 101
github.com/autom8ter/dagger/v3/dagger.go:648.74,659.6 2 100
github.com/autom8ter/dagger/v3/dagger.go:660.5,660.15 1 101
github.com/autom8ter/dagger/v3/dagger.go:664.2,664.18 1 101
github.com/autom8ter/dagger/v3/dagger.go:668.33,670.58 2 5
github.com/autom8ter/dagger/v3/dagger.go:670.58,671.31 1 505
github.com/autom8ter/dagger/v3/dagger.go:671.31,674.42 3 401
github.com/autom8ter/dagger/v3/dagger.go:674.42,677.5 2 0
github.com/autom8ter/dagger/v3/dagger.go:679.3,679.14 1 505
github.com/autom8ter/dagger/v3/dagger.go:681.2,681.18 1 5
github.com/autom8ter/dagger/v3/dagger.go:685.96,689.65 4 401
github.com/autom8ter/dagger/v3/dagger.go:689.65,690.37 1 500
github.com/autom8ter/dagger/v3/dagger.go:690.37,691.47 1 0
github.com/autom8ter/dagger/v3/dagger.go:691.47,694.5 2 0
github.com/autom8ter/dagger/v3/dagger.go:695.9,695.44 1 500
github.com/autom8ter/dagger/v3/dagger.go:695.44,698.4 2 0
github.com/autom8ter/dagger/v3/dagger.go:699.3,699.14 1 500
github.com/autom8ter/dagger/v3/dagger.go:701.2,701.15 1 401
github.com/autom8ter/dagger/v3/dagger.go:704.73,705.18 1 2
github.com/autom8ter/dagger/v3/dagger.go:705.18,707.3 1 0
github.com/autom8ter/dagger/v3/dagger.go:708.2,711.58 4 2
github.com/autom8ter/dagger/v3/dagger.go:711.58,714.3 2 202
github.com/autom8ter/dagger/v3/dagger.go:715.2,716.22 2 2
github.com/autom8ter/dagger/v3/dagger.go:716.22,719.3 2 202
github.com/autom8ter/dagger/v3/dagger.go:720.2,720.13 1 2
github.com/autom8ter/dagger/v3/dagger.go:720.13,721.56 1 1
github.com/autom8ter/dagger/v3/dagger.go:721.56,723.4 1 50
github.com/autom8ter/dagger/v3/dagger.go:725.2,725.20 1 2
github.com/autom8ter/dagger/v3/dagger.go:728.125,729.33 1 402
github.com/autom8ter/dagger/v3/dagger.go:729.33,731.3 1 200
github.com/autom8ter/dagger/v3/dagger.go:732.2,732.33 1 202
github.com/autom8ter/dagger/v3/dagger.go:732.33,733.21 1 0
github.com/autom8ter/dagger/v3/dagger.go:735.2,736.13 2 202
github.com/autom8ter/dagger/v3/dagger.go:736.13,737.64 1 202
github.com/autom8ter/dagger/v3/dagger.go:737.64,740.4 2 200
github.com/autom8ter/dagger/v3/dagger.go:741.8,742.66 1 0
github.com/autom8ter/dagger/v3/dagger.go:742.66,745.4 2 0
github.com/autom8ter/dagger/v3/dagger.go:747.2,749.18 3 202
github.com/autom8ter/dagger/v3/dagger.go:753.50,754.18 1 1
github.com/autom8ter/dagger/v3/dagger.go:754.18,756.3 1 0
github.com/autom8ter/dagger/v3/dagger.go:757.2,760.16 4 1
github.com/autom8ter/dagger/v3/dagger.go:760.16,762.3 1 0
github.com/autom8ter/dagger/v3/dagger.go:763.2,763.17 1 1
github.com/autom8ter/dagger/v3/dagger.go:767.38,771.2 1 1067
github.com/autom8ter/dagger/v3/dagger.go:779.32,781.49 2 717
github.com/autom8ter/dagger/v3/dagger.go:781.49,784.3 2 21805
github.com/autom8ter/dagger/v3/dagger.go:785.2,785.14 1 717
github.com/autom8ter/dagger/v3/dagger.go:789.48,791.9 2 6
github.com/autom8ter/dagger/v3/dagger.go:791.9,793.3 1 3
github.com/autom8ter/dagger/v3/dagger.go:794.2,794.18 1 3
github.com/autom8ter/dagger/v3/dagger.go:798.47,800.2 1 2141
github.com/autom8ter/dagger/v3/dagger.go:803.41,805.2 1 107
github.com/autom8ter/dagger/v3/dagger.go:808.46,811.2 2 0
github.com/autom8ter/dagger/v3/dagger.go:814.30,815.49 1 0
github.com/autom8ter/dagger/v3/dagger.go:815.49,818.3 2 0
github.com/autom8ter/dagger/v3/dagger.go:822.38,824.49 2 0
github.com/autom8ter/dagger/v3/dagger.go:824.49,827.3 2 0
github.com/autom8ter/dagger/v3/dagger.go:828.2,828.13 1 0
github.com/autom8ter/dagger/v3/dagger.go:832.35,834.49 2 0
github.com/autom8ter/dagger/v3/dagger.go:834.49,837.3 2 0
github.com/autom8ter/dagger/v3/dagger.go:838.2,838.15 1 0
github.com/autom8ter/dagger/v3/dagger.go:842.60,843.49 1 918
github.com/autom8ter/dagger/v3/dagger.go:843.49,845.3 1 11610
github.com/autom8ter/dagger/v3/dagger.go:849.73,851.49 2 0
github.com/autom8ter/dagger/v3/dagger.go:851.49,852.33 1 0
github.com/autom8ter/dagger/v3/dagger.go:852.33,854.4 1 0
github.com/autom8ter/dagger/v3/dagger.go:855.3,855.14 1 0
github.com/autom8ter/dagger/v3/dagger.go:857.2,857.17 1 0
github.com/autom8ter/dagger/v3/dagger.go:861.41,863.49 2 0
github.com/autom8ter/dagger/v3/dagger.go:863.49,866.3 2 0
github.com/autom8ter/dagger/v3/dagger.go:867.2,867.15 1 0
github.com/autom8ter/dagger/v3/dagger.go:883.50,888.2 1 1
github.com/autom8ter/dagger/v3/dagger.go:890.70,893.31 3 0
github.com/autom8ter/dagger/v3/dagger.go:893.31,894.43 1 0
github.com/autom8ter/dagger/v3/dagger.go:894.43,896.44 2 0
github.com/autom8ter/dagger/v3/dagger.go:896.44,898.5 1 0
github.com/autom8ter/dagger/v3/dagger.go:899.4,899.10 1 0
github.com/autom8ter/dagger/v3/dagger.go:905.38,909.2 3 2
github.com/autom8ter/dagger/v3/dagger.go:912.57,916.42 4 100
github.com/autom8ter/dagger/v3/dagger.go:916.42,918.3 1 5673
github.com/autom8ter/dagger/v3/dagger.go:922.44,925.23 3 100
github.com/autom8ter/dagger/v3/dagger.go:925.23,927.3 1 0
github.com/autom8ter/dagger/v3/dagger.go:928.2,930.25 3 100
github.com/autom8ter/dagger/v3/dagger.go:934.45,937.23 3 1
github.com/autom8ter/dagger/v3/dagger.go:937.23,939.3 1 0
github.com/autom8ter/dagger/v3/dagger.go:940.2,940.31 1 1
github.com/autom8ter/dagger/v3/dagger.go:951.59,954.2 2 2
github.com/autom8ter/dagger/v3/dagger.go:957.58,958.6 1 0
github.com/autom8ter/dagger/v3/dagger.go:958.6,959.10 1 0
github.com/autom8ter/dagger/v3/dagger.go:960.24,961.11 1 0
github.com/autom8ter/dagger/v3/dagger.go:961.11,963.5 1 0
github.com/autom8ter/dagger/v3/dagger.go:964.4,964.14 1 0
github.com/autom8ter/dagger/v3/dagger.go:964.14,966.5 1 0
github.com/autom8ter/dagger/v3/dagger.go:967.11,968.22 1 0
github.com/autom8ter/dagger/v3/dagger.go:968.22,970.5 1 0
github.com/autom8ter/dagger/v3/dagger.go:977.83,978.6 1 1
github.com/autom8ter/dagger/v3/dagger.go:978.6,979.10 1 102
github.com/autom8ter/dagger/v3/dagger.go:980.15,981.10 1 1
github.com/autom8ter/dagger/v3/dagger.go:982.24,983.11 1 101
github.com/autom8ter/dagger/v3/dagger.go:983.11,985.5 1 0
github.com/autom8ter/dagger/v3/dagger.go:986.4,986.14 1 101
github.com/autom8ter/dagger/v3/dagger.go:986.14,988.5 1 0
github.com/autom8ter/dagger/v3/dagger.go:994.35,995.24 1 0
github.com/autom8ter/dagger/v3/dagger.go:995.24,997.3 1 0
github.com/autom8ter/dagger/v3/dagger.go:1001.39,1003.2 1 201
github.com/autom8ter/dagger/v3/dagger.go:1006.43,1007.9 1 100
github.com/autom8ter/dagger/v3/dagger.go:1008.23,1009.15 1 100
github.com/autom8ter/dagger/v3/dagger.go:1014.37,1016.2 1 2
github.com/autom8ter/dagger/v3/dagger.go:1025.34,1028.2 2 1
github.com/autom8ter/dagger/v3/dagger.go:1031.30,1035.2 3 100
github.com/autom8ter/dagger/v3/dagger.go:1038.36,1041.24 3 100
github.com/autom8ter/dagger/v3/dagger.go:1041.24,1043.3 1 0
github.com/autom8ter/dagger/v3/dagger.go:1043.8,1048.3 4 100
github.com/autom8ter/dagger/v3/dagger.go:1052.30,1056.2 3 2
github.com/autom8ter/dagger/v3/dagger.go:1059.37,1062.24 3 0
github.com/autom8ter/dagger/v3/dagger.go:1062.24,1064.3 1 0
github.com/autom8ter/dagger/v3/dagger.go:1065.2,1065.40 1 0
github.com/autom8ter/dagger/v3/dagger.go:1069.51,1070.6 1 0
github.com/autom8ter/dagger/v3/dagger.go:1070.6,1072.10 2 0
github.com/autom8ter/dagger/v3/dagger.go:1072.10,1074.4 1 0
github.com/autom8ter/dagger/v3/dagger.go:1075.3,1075.15 1 0
github.com/autom8ter/dagger/v3/dagger.go:1075.15,1077.4 1 0
github.com/autom8ter/dagger/v3/dagger.go:1083.76,1084.6 1 0
github.com/autom8ter/dagger/v3/dagger.go:1084.6,1085.10 1 0
github.com/autom8ter/dagger/v3/dagger.go:1086.15,1087.10 1 0
github.com/autom8ter/dagger/v3/dagger.go:1088.11,1090.11 2 0
github.com/autom8ter/dagger/v3/dagger.go:1090.11,1092.5 1 0
github.com/autom8ter/dagger/v3/dagger.go:1093.4,1093.16 1 0
github.com/autom8ter/dagger/v3/dagger.go:1093.16,1095.5 1 0
github.com/autom8ter/dagger/v3/dagger.go:1101.34,1104.2 2 4
github.com/autom8ter/dagger/v3/dagger.go:1114.76,1115.6 1 0
github.com/autom8ter/dagger/v3/dagger.go:1115.6,1116.10 1 0
github.com/autom8ter/dagger/v3/dagger.go:1117.15,1118.10 1 0
github.com/autom8ter/dagger/v3/dagger.go:1119.11,1121.11 2 0
github.com/autom8ter/dagger/v3/dagger.go:1121.11,1123.5 1 0
github.com/autom8ter/dagger/v3/dagger.go:1124.4,1124.16 1 0
github.com/autom8ter/dagger/v3/dagger.go:1124.16,1126.5 1 0
github.com/autom8ter/dagger/v3/dagger.go:1132.30,1136.2 3 403
github.com/autom8ter/dagger/v3/dagger.go:1139.36,1142.24 3 404
github.com/autom8ter/dagger/v3/dagger.go:1142.24,1144.3 1 1
github.com/autom8ter/dagger/v3/dagger.go:1144.8,1149.3 4 403
github.com/autom8ter/dagger/v3/dagger.go:1153.28,1157.2 3 0
github.com/autom8ter/dagger/v3/dagger.go:1160.51,1161.6 1 1
github.com/autom8ter/dagger/v3/dagger.go:1161.6,1163.10 2 102
github.com/autom8ter/dagger/v3/dagger.go:1163.10,1165.4 1 1
github.com/autom8ter/dagger/v3/dagger.go:1166.3,1166.13 1 101
github.com/autom8ter/dagger/v3/dagger.go:1166.13,1168.4 1 0
github.com/autom8ter/dagger/v3/dagger.go:1173.33,1177.2 3 0
github.com/autom8ter/dagger/v3/dagger.go:1180.59,1182.41 2 0
github.com/autom8ter/dagger/v3/dagger.go:1182.41,1184.3 1 0
github.com/autom8ter/dagger/v3/dagger.go:1185.2,1185.15 1 0
github.com/autom8ter/dagger/v3/dagger.go:1189.30,1193.2 3 206
github.com/autom8ter/dagger/v3/dagger.go:1196.37,1199.24 3 0
github.com/autom8ter/dagger/v3/dagger.go:1199.24,1201.3 1 0
github.com/autom8ter/dagger/v3/dagger.go:1201.8,1205.3 3 0
github.com/autom8ter/dagger/v3/dagger.go:1215.37,1218.2 2 809
github.com/autom8ter/dagger/v3/dagger.go:1221.29,1225.2 3 1508
github.com/autom8ter/dagger/v3/dagger.go:1228.32,1232.2 3 302
github.com/autom8ter/dagger/v3/dagger.go:1235.39,1240.2 4 1906
github.com/autom8ter/dagger/v3/dagger.go:1243.49,1246.26 3 0
github.com/autom8ter/dagger/v3/dagger.go:1246.26,1247.13 1 0
github.com/autom8ter/dagger/v3/dagger.go:1247.13,1249.4 1 0
github.com/autom8ter/dagger/v3/dagger.go:1254.28,1258.2 3 203
github.com/autom8ter/dagger/v3/dagger.go:1261.31,1265.29 4 0
github.com/autom8ter/dagger/v3/dagger.go:1265.29,1267.3 1 0
github.com/autom8ter/dagger/v3/dagger.go:1268.2,1268.15 1 0
github.com/autom8ter/dagger/v3/dagger.go:1272.57,1274.41 2 0
github.com/autom8ter/dagger/v3/dagger.go:1274.41,1276.3 1 0
github.com/autom8ter/dagger/v3/dagger.go:1277.2,1277.15 1 0
github.com/autom8ter/dagger/v3/dagger.go:1295.67,1301.2 1 1
github.com/autom8ter/dagger/v3/dagger.go:1304.60,1306.12 2 100
github.com/autom8ter/dagger/v3/dagger.go:1306.12,1310.74 4 100
github.com/autom8ter/dagger/v3/dagger.go:1310.74,1313.11 3 10000
github.com/autom8ter/dagger/v3/dagger.go:1314.22,1315.17 1 0
github.com/autom8ter/dagger/v3/dagger.go:1316.28,1317.16 1 0
github.com/autom8ter/dagger/v3/dagger.go:1318.25,1319.16 1 10000
github.com/autom8ter/dagger/v3/dagger.go:1323.2,1323.8 1 100
github.com/autom8ter/dagger/v3/dagger.go:1328.65,1337.12 6 100
github.com/autom8ter/dagger/v3/dagger.go:1337.12,1346.3 8 100
github.com/autom8ter/dagger/v3/dagger.go:1347.2,1347.11 1 100
github.com/autom8ter/dagger/v3/dagger.go:1351.37,1353.2 1 2
github.com/autom8ter/dagger/v3/dagger.go:1356.35,1359.2 2 1
github.com/autom8ter/dagger/v3/dagger.go:1370.57,1376.12 3 1
github.com/autom8ter/dagger/v3/dagger.go:1376.12,1377.10 1 1
github.com/autom8ter/dagger/v3/dagger.go:1378.19,1380.37 2 1
github.com/autom8ter/dagger/v3/dagger.go:1380.37,1382.5 1 300
github.com/autom8ter/dagger/v3/dagger.go:1383.4,1383.17 1 1
github.com/autom8ter/dagger/v3/dagger.go:1386.2,1386.10 1 1
github.com/autom8ter/dagger/v3/dagger.go:1391.73,1397.2 5 300
github.com/autom8ter/dagger/v3/dagger.go:1400.33,1403.35 3 1
github.com/autom8ter/dagger/v3/dagger.go:1403.35,1405.3 1 300
github.com/autom8ter/dagger/v3/dagger.go:1406.2,1406.12 1 1
github.com/autom8ter/dagger/v3/dagger.go:1419.47,1428.2 4 1
github.com/autom8ter/dagger/v3/dagger.go:1431.35,1433.2 1 4
github.com/autom8ter/dagger/v3/dagger.go:1436.46,1437.9 1 0
github.com/autom8ter/dagger/v3/dagger.go:1438.27,1439.10 1 0
github.com/autom8ter/dagger/v3/dagger.go:1439.10,1441.4 1 0
github.com/autom8ter/dagger/v3/dagger.go:1442.3,1442.21 1 0
github.com/autom8ter/dagger/v3/dagger.go:1443.10,1444.20 1 0
github.com/autom8ter/dagger/v3/dagger.go:1449.70,1452.9 3 1
github.com/autom8ter/dagger/v3/dagger.go:1453.27,1454.10 1 0
github.com/autom8ter/dagger/v3/dagger.go:1454.10,1456.4 1 0
github.com/autom8ter/dagger/v3/dagger.go:1457.3,1457.20 1 0
github.com/autom8ter/dagger/v3/dagger.go:1458.20,1459.24 1 1
github.com/autom8ter/dagger/v3/dagger.go:1466.44,1467.16 1 4
github.com/autom8ter/dagger/v3/dagger.go:1467.16,1469.3 1 0
github.com/autom8ter/dagger/v3/dagger.go:1470.2,1470.19 1 4
github.com/autom8ter/dagger/v3/dagger.go:1470.19,1472.3 1 1
github.com/autom8ter/dagger/v3/dagger.go:1473.2,1477.12 5 3
github.com/autom8ter/dagger/v3/dagger.go:1481.33,1485.2 3 1
github.com/autom8ter/dagger/v3/dagger.go:1488.45,1492.2 3 1
github.com/autom8ter/dagger/v3/dagger.go:1496.37,1498.19 2 1
github.com/autom8ter/dagger/v3/dagger.go:1498.19,1501.20 3 1
github.com/autom8ter/dagger/v3/dagger.go:1501.20,1504.4 2 0
github.com/autom8ter/dagger/v3/dagger.go:1505.3,1505.17 1 1
github.com/autom8ter/dagger/v3/dagger.go:1505.17,1509.4 3 1
github.com/autom8ter/dagger/v3/dagger.go:1511.2,1511.12 1 1
github.com/autom8ter/dagger/v3/dagger.go:1516.46,1517.37 1 0
github.com/autom8ter/dagger/v3/dagger.go:1517.37,1520.3 2 0
